<?xml version="1.0" encoding="UTF-8"?>
<!-- Generated by org.testng.reporters.JUnitReportReporter -->
<testsuite hostname="inbl01lap04326" failures="0" tests="1" name="parallel.ParallelRun" time="32.771" errors="0" timestamp="19 May 2021 13:02:09 GMT" skipped="0">
  <testcase classname="parallel.ParallelRun" name="runScenario" time="32.771"/>
</testsuite> <!-- parallel.ParallelRun -->
